TN:
SF:E:\Github Projects\vue-demo\gulu-demo\src\svg.js
FN:1,(anonymous_0)
FN:4,(anonymous_1)
FN:10,(anonymous_2)
FN:15,(anonymous_3)
FN:24,IEContentLoaded
FN:27,(anonymous_5)
FN:33,(anonymous_6)
FN:43,(anonymous_7)
FN:51,(anonymous_8)
FN:54,(anonymous_9)
FN:61,appendSvg
FNF:11
FNH:7
FNDA:4,(anonymous_0)
FNDA:4,(anonymous_1)
FNDA:4,(anonymous_2)
FNDA:4,(anonymous_3)
FNDA:0,IEContentLoaded
FNDA:0,(anonymous_5)
FNDA:0,(anonymous_6)
FNDA:0,(anonymous_7)
FNDA:4,(anonymous_8)
FNDA:4,(anonymous_9)
FNDA:4,appendSvg
DA:1,4
DA:3,4
DA:4,4
DA:5,4
DA:6,4
DA:8,4
DA:9,4
DA:10,4
DA:11,4
DA:12,4
DA:13,0
DA:15,4
DA:16,4
DA:17,4
DA:19,4
DA:21,0
DA:22,0
DA:25,0
DA:26,0
DA:27,0
DA:28,0
DA:29,0
DA:30,0
DA:33,0
DA:34,0
DA:35,0
DA:37,0
DA:38,0
DA:40,0
DA:42,0
DA:43,0
DA:44,0
DA:45,0
DA:46,0
DA:51,4
DA:52,4
DA:54,4
DA:55,4
DA:56,4
DA:58,0
DA:63,4
DA:64,4
DA:65,4
DA:66,4
DA:67,4
DA:68,4
DA:69,4
DA:70,4
DA:71,4
DA:72,4
DA:73,4
DA:76,4
DA:77,0
DA:78,0
DA:79,0
DA:83,0
DA:86,4
LF:57
LH:32
BRDA:8,0,0,0
BRDA:8,0,1,4
BRDA:11,1,0,4
BRDA:11,1,1,0
BRDA:12,2,0,0
BRDA:12,2,1,4
BRDA:21,3,0,0
BRDA:21,3,1,0
BRDA:28,4,0,0
BRDA:28,4,1,0
BRDA:44,5,0,0
BRDA:44,5,1,0
BRDA:55,6,0,4
BRDA:55,6,1,0
BRDA:67,7,0,4
BRDA:67,7,1,0
BRDA:76,8,0,0
BRDA:76,8,1,4
BRDA:76,9,0,4
BRDA:76,9,1,0
BRDA:83,10,0,0
BRDA:83,10,1,0
BRF:22
BRH:7
end_of_record
TN:
SF:E:\Github Projects\vue-demo\gulu-demo\src\icon.vue
FNF:0
FNH:0
LF:0
LH:0
BRF:0
BRH:0
end_of_record
TN:
SF:E:\Github Projects\vue-demo\gulu-demo\src\button\button.vue
FN:33,(anonymous_0)
FNF:1
FNH:1
FNDA:5,(anonymous_0)
DA:34,5
LF:1
LH:1
BRDA:34,0,0,5
BRDA:34,0,1,1
BRF:2
BRH:2
end_of_record
TN:
SF:E:\Github Projects\vue-demo\gulu-demo\tests\unit\button.spec.js
FN:12,(anonymous_0)
FN:13,(anonymous_1)
FN:16,(anonymous_2)
FN:25,(anonymous_3)
FN:37,(anonymous_4)
FN:48,(anonymous_5)
FN:60,(anonymous_6)
FNF:7
FNH:7
FNDA:1,(anonymous_0)
FNDA:1,(anonymous_1)
FNDA:1,(anonymous_2)
FNDA:1,(anonymous_3)
FNDA:1,(anonymous_4)
FNDA:1,(anonymous_5)
FNDA:1,(anonymous_6)
DA:10,1
DA:12,1
DA:13,1
DA:14,1
DA:16,1
DA:17,1
DA:22,1
DA:23,1
DA:25,1
DA:26,1
DA:32,1
DA:33,1
DA:34,1
DA:35,1
DA:37,1
DA:38,1
DA:44,1
DA:45,1
DA:46,1
DA:48,1
DA:49,1
DA:56,1
DA:57,1
DA:58,1
DA:60,1
DA:61,1
DA:66,1
DA:68,1
DA:69,1
DA:70,1
DA:71,1
LF:31
LH:31
BRF:0
BRH:0
end_of_record
TN:
SF:E:\Github Projects\vue-demo\gulu-demo\tests\unit\karma.spec.js
FN:6,(anonymous_0)
FN:7,(anonymous_1)
FNF:2
FNH:2
FNDA:1,(anonymous_0)
FNDA:1,(anonymous_1)
DA:6,1
DA:7,1
DA:8,1
LF:3
LH:3
BRF:0
BRH:0
end_of_record
TN:
SF:E:\Github Projects\vue-demo\gulu-demo\src\nav\nav.vue
FN:10,(anonymous_0)
FN:25,(anonymous_1)
FN:31,(anonymous_2)
FN:35,(anonymous_3)
FN:39,(anonymous_4)
FN:42,(anonymous_5)
FN:43,(anonymous_6)
FN:51,(anonymous_7)
FN:52,(anonymous_8)
FN:53,(anonymous_9)
FNF:10
FNH:9
FNDA:2,(anonymous_0)
FNDA:2,(anonymous_1)
FNDA:2,(anonymous_2)
FNDA:0,(anonymous_3)
FNDA:5,(anonymous_4)
FNDA:2,(anonymous_5)
FNDA:5,(anonymous_6)
FNDA:2,(anonymous_7)
FNDA:5,(anonymous_8)
FNDA:1,(anonymous_9)
DA:11,2
DA:26,2
DA:32,2
DA:33,2
DA:36,0
DA:40,5
DA:43,2
DA:44,5
DA:45,2
DA:47,3
DA:52,2
DA:53,5
DA:54,1
LF:13
LH:12
BRDA:44,0,0,2
BRDA:44,0,1,3
BRF:2
BRH:2
end_of_record
TN:
SF:E:\Github Projects\vue-demo\gulu-demo\src\nav\nav-item.vue
FN:17,(anonymous_0)
FN:22,(anonymous_1)
FN:26,(anonymous_2)
FNF:3
FNH:3
FNDA:5,(anonymous_0)
FNDA:5,(anonymous_1)
FNDA:1,(anonymous_2)
DA:18,5
DA:23,5
DA:27,1
DA:28,1
DA:29,1
LF:5
LH:5
BRDA:28,0,0,1
BRDA:28,0,1,1
BRF:2
BRH:2
end_of_record
TN:
SF:E:\Github Projects\vue-demo\gulu-demo\src\click-outside.js
FN:3,(anonymous_0)
FN:5,(anonymous_1)
FN:19,(anonymous_2)
FN:33,(anonymous_3)
FNF:4
FNH:1
FNDA:0,(anonymous_0)
FNDA:0,(anonymous_1)
FNDA:2,(anonymous_2)
FNDA:0,(anonymous_3)
DA:3,1
DA:4,0
DA:5,0
DA:6,0
DA:7,0
DA:9,0
DA:14,1
DA:16,1
DA:20,2
DA:33,1
DA:34,0
LF:11
LH:5
BRDA:6,0,0,0
BRDA:6,0,1,0
BRDA:6,1,0,0
BRDA:6,1,1,0
BRF:4
BRH:0
end_of_record
TN:
SF:E:\Github Projects\vue-demo\gulu-demo\src\nav\sub-nav.vue
FN:41,(anonymous_0)
FN:47,(anonymous_1)
FN:51,(anonymous_2)
FN:55,(anonymous_3)
FN:58,(anonymous_4)
FN:63,(anonymous_5)
FN:67,(anonymous_6)
FN:72,(anonymous_7)
FN:76,(anonymous_8)
FN:79,(anonymous_9)
FN:82,(anonymous_10)
FN:85,(anonymous_11)
FNF:12
FNH:4
FNDA:2,(anonymous_0)
FNDA:6,(anonymous_1)
FNDA:2,(anonymous_2)
FNDA:0,(anonymous_3)
FNDA:0,(anonymous_4)
FNDA:0,(anonymous_5)
FNDA:0,(anonymous_6)
FNDA:0,(anonymous_7)
FNDA:0,(anonymous_8)
FNDA:0,(anonymous_9)
FNDA:0,(anonymous_10)
FNDA:3,(anonymous_11)
DA:42,2
DA:48,6
DA:52,2
DA:56,0
DA:59,0
DA:60,0
DA:61,0
DA:62,0
DA:63,0
DA:64,0
DA:68,0
DA:69,0
DA:70,0
DA:71,0
DA:72,0
DA:73,0
DA:77,0
DA:80,0
DA:83,0
DA:86,3
DA:87,3
DA:88,0
LF:22
LH:5
BRDA:48,0,0,3
BRDA:48,0,1,3
BRDA:87,1,0,0
BRDA:87,1,1,3
BRF:4
BRH:3
end_of_record
TN:
SF:E:\Github Projects\vue-demo\gulu-demo\tests\unit\nav.spec.js
FN:18,(anonymous_0)
FN:19,(anonymous_1)
FN:22,(anonymous_2)
FN:37,(anonymous_3)
FN:43,(anonymous_4)
FNF:5
FNH:5
FNDA:1,(anonymous_0)
FNDA:1,(anonymous_1)
FNDA:1,(anonymous_2)
FNDA:1,(anonymous_3)
FNDA:1,(anonymous_4)
DA:16,1
DA:18,1
DA:19,1
DA:20,1
DA:22,1
DA:23,1
DA:24,1
DA:25,1
DA:37,1
DA:38,1
DA:39,1
DA:43,1
DA:44,1
DA:45,1
DA:46,1
DA:47,1
DA:63,1
DA:64,1
DA:65,1
LF:19
LH:19
BRF:0
BRH:0
end_of_record
TN:
SF:E:\Github Projects\vue-demo\gulu-demo\src\popover.vue
FN:20,(anonymous_0)
FN:25,(anonymous_1)
FN:28,(anonymous_2)
FN:33,(anonymous_3)
FN:40,(anonymous_4)
FN:52,(anonymous_5)
FN:59,(anonymous_6)
FN:65,(anonymous_7)
FN:73,(anonymous_8)
FN:81,(anonymous_9)
FN:88,(anonymous_10)
FN:119,(anonymous_11)
FN:136,(anonymous_12)
FN:138,(anonymous_13)
FN:143,(anonymous_14)
FN:147,(anonymous_15)
FNF:16
FNH:9
FNDA:2,(anonymous_0)
FNDA:2,(anonymous_1)
FNDA:0,(anonymous_2)
FNDA:0,(anonymous_3)
FNDA:0,(anonymous_4)
FNDA:2,(anonymous_5)
FNDA:2,(anonymous_6)
FNDA:2,(anonymous_7)
FNDA:0,(anonymous_8)
FNDA:0,(anonymous_9)
FNDA:2,(anonymous_10)
FNDA:0,(anonymous_11)
FNDA:2,(anonymous_12)
FNDA:2,(anonymous_13)
FNDA:0,(anonymous_14)
FNDA:1,(anonymous_15)
DA:21,2
DA:26,2
DA:29,0
DA:30,0
DA:34,0
DA:35,0
DA:37,0
DA:41,0
DA:42,0
DA:44,0
DA:53,2
DA:60,2
DA:66,2
DA:67,1
DA:69,1
DA:70,1
DA:74,0
DA:75,0
DA:77,0
DA:78,0
DA:82,0
DA:83,0
DA:84,0
DA:86,0
DA:89,2
DA:90,2
DA:96,2
DA:97,2
DA:98,2
DA:116,2
DA:117,2
DA:120,0
DA:125,0
DA:127,0
DA:132,0
DA:134,0
DA:137,2
DA:138,2
DA:139,2
DA:140,2
DA:144,0
DA:145,0
DA:148,1
DA:149,1
DA:150,0
DA:152,1
LF:46
LH:22
BRDA:34,0,0,0
BRDA:34,0,1,0
BRDA:41,1,0,0
BRDA:41,1,1,0
BRDA:66,2,0,1
BRDA:66,2,1,1
BRDA:74,3,0,0
BRDA:74,3,1,0
BRDA:83,4,0,0
BRDA:83,4,1,0
BRDA:120,5,0,0
BRDA:120,5,1,0
BRDA:121,6,0,0
BRDA:121,6,1,0
BRDA:121,6,2,0
BRDA:127,7,0,0
BRDA:127,7,1,0
BRDA:128,8,0,0
BRDA:128,8,1,0
BRDA:128,8,2,0
BRDA:148,9,0,1
BRDA:148,9,1,0
BRDA:149,10,0,0
BRDA:149,10,1,1
BRF:24
BRH:4
end_of_record
TN:
SF:E:\Github Projects\vue-demo\gulu-demo\tests\unit\popover.spec.js
FN:13,(anonymous_0)
FN:15,(anonymous_1)
FN:19,(anonymous_2)
FN:35,(anonymous_3)
FNF:4
FNH:4
FNDA:1,(anonymous_0)
FNDA:1,(anonymous_1)
FNDA:1,(anonymous_2)
FNDA:1,(anonymous_3)
DA:11,1
DA:13,1
DA:15,1
DA:16,1
DA:19,1
DA:20,1
DA:31,1
DA:32,1
DA:33,1
DA:35,1
DA:36,1
DA:48,1
DA:49,1
DA:50,1
LF:14
LH:14
BRF:0
BRH:0
end_of_record
TN:
SF:E:\Github Projects\vue-demo\gulu-demo\src\slides\slides.vue
FN:41,(anonymous_0)
FN:63,(anonymous_1)
FN:67,(anonymous_2)
FN:68,(anonymous_3)
FN:70,(anonymous_4)
FN:72,(anonymous_5)
FN:76,(anonymous_6)
FN:86,(anonymous_7)
FN:89,(anonymous_8)
FN:92,(anonymous_9)
FN:99,(anonymous_10)
FN:100,(anonymous_11)
FN:114,(anonymous_12)
FN:118,(anonymous_13)
FN:121,(anonymous_14)
FN:124,(anonymous_15)
FN:128,(anonymous_16)
FN:136,(anonymous_17)
FN:140,(anonymous_18)
FN:144,(anonymous_19)
FN:146,(anonymous_20)
FN:164,(anonymous_21)
FN:170,(anonymous_22)
FN:177,(anonymous_23)
FNF:24
FNH:15
FNDA:4,(anonymous_0)
FNDA:4,(anonymous_1)
FNDA:4,(anonymous_2)
FNDA:12,(anonymous_3)
FNDA:4,(anonymous_4)
FNDA:20,(anonymous_5)
FNDA:2,(anonymous_6)
FNDA:0,(anonymous_7)
FNDA:0,(anonymous_8)
FNDA:0,(anonymous_9)
FNDA:0,(anonymous_10)
FNDA:0,(anonymous_11)
FNDA:0,(anonymous_12)
FNDA:0,(anonymous_13)
FNDA:0,(anonymous_14)
FNDA:1,(anonymous_15)
FNDA:1,(anonymous_16)
FNDA:0,(anonymous_17)
FNDA:9,(anonymous_18)
FNDA:8,(anonymous_19)
FNDA:24,(anonymous_20)
FNDA:24,(anonymous_21)
FNDA:4,(anonymous_22)
FNDA:4,(anonymous_23)
DA:42,4
DA:64,4
DA:65,4
DA:68,12
DA:72,20
DA:77,2
DA:78,2
DA:79,0
DA:81,2
DA:82,0
DA:84,2
DA:87,0
DA:90,0
DA:93,0
DA:94,0
DA:95,0
DA:97,0
DA:101,0
DA:102,0
DA:103,0
DA:104,0
DA:105,0
DA:106,0
DA:107,0
DA:108,0
DA:109,0
DA:111,0
DA:114,0
DA:115,0
DA:119,0
DA:122,0
DA:125,1
DA:126,0
DA:128,1
DA:129,1
DA:130,1
DA:131,1
DA:132,1
DA:134,1
DA:137,0
DA:138,0
DA:141,9
DA:142,9
DA:145,8
DA:146,8
DA:148,24
DA:150,24
DA:154,0
DA:156,24
DA:160,0
DA:163,24
DA:164,24
DA:165,24
DA:171,4
DA:172,4
DA:173,1
DA:175,4
DA:178,4
LF:58
LH:31
BRDA:65,0,0,1
BRDA:65,0,1,3
BRDA:78,1,0,0
BRDA:78,1,1,2
BRDA:81,2,0,0
BRDA:81,2,1,2
BRDA:94,3,0,0
BRDA:94,3,1,0
BRDA:107,4,0,0
BRDA:107,4,1,0
BRDA:108,5,0,0
BRDA:108,5,1,0
BRDA:125,6,0,0
BRDA:125,6,1,1
BRDA:142,7,0,9
BRDA:142,7,1,2
BRDA:148,8,0,0
BRDA:148,8,1,24
BRDA:150,9,0,0
BRDA:150,9,1,24
BRDA:151,10,0,24
BRDA:151,10,1,0
BRDA:156,11,0,0
BRDA:156,11,1,24
BRDA:157,12,0,24
BRDA:157,12,1,0
BRDA:172,13,0,1
BRDA:172,13,1,3
BRF:28
BRH:14
end_of_record
TN:
SF:E:\Github Projects\vue-demo\gulu-demo\src\slides\slides-item.vue
FN:12,(anonymous_0)
FN:25,(anonymous_1)
FNF:2
FNH:2
FNDA:12,(anonymous_0)
FNDA:24,(anonymous_1)
DA:13,12
DA:26,24
LF:2
LH:2
BRF:0
BRH:0
end_of_record
TN:
SF:E:\Github Projects\vue-demo\gulu-demo\tests\unit\slides.spec.js
FN:18,(anonymous_0)
FN:19,(anonymous_1)
FN:22,(anonymous_2)
FN:42,(anonymous_3)
FN:47,(anonymous_4)
FN:68,(anonymous_5)
FN:73,(anonymous_6)
FN:94,(anonymous_7)
FN:100,(anonymous_8)
FN:105,(anonymous_9)
FN:131,(anonymous_10)
FNF:11
FNH:11
FNDA:1,(anonymous_0)
FNDA:1,(anonymous_1)
FNDA:1,(anonymous_2)
FNDA:1,(anonymous_3)
FNDA:1,(anonymous_4)
FNDA:1,(anonymous_5)
FNDA:1,(anonymous_6)
FNDA:1,(anonymous_7)
FNDA:1,(anonymous_8)
FNDA:1,(anonymous_9)
FNDA:1,(anonymous_10)
DA:16,1
DA:18,1
DA:19,1
DA:20,1
DA:22,1
DA:23,1
DA:24,1
DA:42,1
DA:43,1
DA:44,1
DA:47,1
DA:48,1
DA:49,1
DA:68,1
DA:69,1
DA:70,1
DA:73,1
DA:74,1
DA:75,1
DA:95,1
DA:96,1
DA:100,1
DA:101,1
DA:105,1
DA:106,1
DA:107,1
DA:108,1
DA:131,1
DA:132,1
DA:133,1
LF:30
LH:30
BRF:0
BRH:0
end_of_record
TN:
SF:E:\Github Projects\vue-demo\gulu-demo\src\http.js
FN:1,core
FN:4,(anonymous_1)
FN:7,(anonymous_2)
FN:14,(anonymous_3)
FN:15,(anonymous_4)
FN:18,(anonymous_5)
FN:19,(anonymous_6)
FN:20,(anonymous_7)
FNF:8
FNH:0
FNDA:0,core
FNDA:0,(anonymous_1)
FNDA:0,(anonymous_2)
FNDA:0,(anonymous_3)
FNDA:0,(anonymous_4)
FNDA:0,(anonymous_5)
FNDA:0,(anonymous_6)
FNDA:0,(anonymous_7)
DA:2,0
DA:3,0
DA:4,0
DA:5,0
DA:7,0
DA:8,0
DA:10,0
DA:16,0
LF:8
LH:0
BRDA:5,0,0,0
BRDA:5,0,1,0
BRDA:8,1,0,0
BRDA:8,1,1,0
BRF:4
BRH:0
end_of_record
TN:
SF:E:\Github Projects\vue-demo\gulu-demo\src\uploader.vue
FN:54,(anonymous_0)
FN:67,(anonymous_1)
FN:73,(anonymous_2)
FN:75,(anonymous_3)
FN:92,(anonymous_4)
FN:101,(anonymous_5)
FN:110,(anonymous_6)
FN:111,(anonymous_7)
FN:121,(anonymous_8)
FN:139,(anonymous_9)
FN:144,(anonymous_10)
FN:150,(anonymous_11)
FN:151,(anonymous_12)
FN:165,(anonymous_13)
FN:166,(anonymous_14)
FN:174,(anonymous_15)
FN:193,(anonymous_16)
FN:205,(anonymous_17)
FNF:18
FNH:0
FNDA:0,(anonymous_0)
FNDA:0,(anonymous_1)
FNDA:0,(anonymous_2)
FNDA:0,(anonymous_3)
FNDA:0,(anonymous_4)
FNDA:0,(anonymous_5)
FNDA:0,(anonymous_6)
FNDA:0,(anonymous_7)
FNDA:0,(anonymous_8)
FNDA:0,(anonymous_9)
FNDA:0,(anonymous_10)
FNDA:0,(anonymous_11)
FNDA:0,(anonymous_12)
FNDA:0,(anonymous_13)
FNDA:0,(anonymous_14)
FNDA:0,(anonymous_15)
FNDA:0,(anonymous_16)
FNDA:0,(anonymous_17)
DA:54,0
DA:68,0
DA:74,0
DA:75,0
DA:77,0
DA:78,0
DA:80,0
DA:93,0
DA:94,0
DA:95,0
DA:96,0
DA:97,0
DA:98,0
DA:99,0
DA:102,0
DA:103,0
DA:104,0
DA:105,0
DA:106,0
DA:107,0
DA:111,0
DA:112,0
DA:113,0
DA:114,0
DA:115,0
DA:116,0
DA:117,0
DA:118,0
DA:119,0
DA:122,0
DA:123,0
DA:124,0
DA:125,0
DA:126,0
DA:127,0
DA:129,0
DA:130,0
DA:132,0
DA:133,0
DA:134,0
DA:135,0
DA:136,0
DA:137,0
DA:140,0
DA:141,0
DA:142,0
DA:145,0
DA:151,0
DA:152,0
DA:153,0
DA:154,0
DA:156,0
DA:157,0
DA:158,0
DA:159,0
DA:160,0
DA:161,0
DA:163,0
DA:166,0
DA:167,0
DA:168,0
DA:169,0
DA:170,0
DA:172,0
DA:175,0
DA:176,0
DA:177,0
DA:178,0
DA:179,0
DA:180,0
DA:183,0
DA:185,0
DA:186,0
DA:187,0
DA:193,0
DA:194,0
DA:195,0
DA:202,0
DA:203,0
DA:206,0
LF:80
LH:0
BRDA:103,0,0,0
BRDA:103,0,1,0
BRDA:129,1,0,0
BRDA:129,1,1,0
BRDA:160,2,0,0
BRDA:160,2,1,0
BRDA:179,3,0,0
BRDA:179,3,1,0
BRDA:183,4,0,0
BRDA:183,4,1,0
BRF:10
BRH:0
end_of_record
TN:
SF:E:\Github Projects\vue-demo\gulu-demo\tests\unit\uploader.spec.js
FN:17,(anonymous_0)
FN:18,(anonymous_1)
FN:21,(anonymous_2)
FN:22,(anonymous_3)
FN:23,(anonymous_4)
FN:43,(anonymous_5)
FN:54,(anonymous_6)
FN:59,(anonymous_7)
FNF:8
FNH:2
FNDA:1,(anonymous_0)
FNDA:1,(anonymous_1)
FNDA:0,(anonymous_2)
FNDA:0,(anonymous_3)
FNDA:0,(anonymous_4)
FNDA:0,(anonymous_5)
FNDA:0,(anonymous_6)
FNDA:0,(anonymous_7)
DA:15,1
DA:17,1
DA:18,1
DA:19,1
DA:21,1
DA:22,0
DA:23,0
DA:24,0
DA:38,0
DA:44,0
DA:45,0
DA:55,0
DA:60,0
DA:61,0
DA:62,0
DA:63,0
DA:67,0
DA:70,0
DA:71,0
DA:72,0
DA:74,0
DA:75,0
DA:76,0
DA:78,0
DA:79,0
LF:25
LH:5
BRF:0
BRH:0
end_of_record
TN:
SF:E:\Github Projects\vue-demo\gulu-demo\src\validate.js
FN:2,(anonymous_0)
FN:6,(anonymous_1)
FN:8,(anonymous_2)
FN:10,(anonymous_3)
FN:21,(anonymous_4)
FN:22,(anonymous_5)
FN:37,(anonymous_6)
FN:43,(anonymous_7)
FN:52,(anonymous_8)
FN:58,(anonymous_9)
FN:65,ensureObject
FNF:11
FNH:11
FNDA:1,(anonymous_0)
FNDA:15,(anonymous_1)
FNDA:15,(anonymous_2)
FNDA:15,(anonymous_3)
FNDA:40,(anonymous_4)
FNDA:16,(anonymous_5)
FNDA:9,(anonymous_6)
FNDA:6,(anonymous_7)
FNDA:2,(anonymous_8)
FNDA:2,(anonymous_9)
FNDA:13,ensureObject
DA:3,1
DA:9,15
DA:10,15
DA:11,15
DA:12,15
DA:13,9
DA:14,9
DA:15,2
DA:16,2
DA:17,2
DA:21,40
DA:22,13
DA:23,16
DA:24,14
DA:25,14
DA:26,11
DA:27,11
DA:30,2
DA:34,13
DA:38,9
DA:39,2
DA:44,6
DA:45,4
DA:47,6
DA:48,4
DA:53,2
DA:54,1
DA:59,2
DA:60,2
DA:66,13
DA:67,11
LF:31
LH:31
BRDA:12,0,0,9
BRDA:12,0,1,6
BRDA:14,1,0,2
BRDA:14,1,1,7
BRDA:21,2,0,40
BRDA:21,2,1,27
BRDA:23,3,0,14
BRDA:23,3,1,2
BRDA:25,4,0,11
BRDA:25,4,1,3
BRDA:38,5,0,2
BRDA:38,5,1,7
BRDA:38,6,0,9
BRDA:38,6,1,8
BRDA:44,7,0,4
BRDA:44,7,1,2
BRDA:47,8,0,4
BRDA:47,8,1,2
BRDA:53,9,0,1
BRDA:53,9,1,1
BRDA:59,10,0,2
BRDA:59,10,1,0
BRDA:66,11,0,11
BRDA:66,11,1,2
BRF:24
BRH:23
end_of_record
TN:
SF:E:\Github Projects\vue-demo\gulu-demo\tests\unit\validate.spec.js
FN:9,(anonymous_0)
FN:10,(anonymous_1)
FN:14,(anonymous_2)
FN:26,(anonymous_3)
FN:38,(anonymous_4)
FN:50,(anonymous_5)
FN:62,(anonymous_6)
FN:73,(anonymous_7)
FN:85,(anonymous_8)
FN:97,(anonymous_9)
FN:109,(anonymous_10)
FN:120,(anonymous_11)
FN:131,(anonymous_12)
FN:137,(anonymous_13)
FN:142,(anonymous_14)
FN:149,(anonymous_15)
FN:155,(anonymous_16)
FN:161,(anonymous_17)
FN:168,(anonymous_18)
FN:171,(anonymous_19)
FN:176,(anonymous_20)
FN:182,(anonymous_21)
FN:189,(anonymous_22)
FN:192,(anonymous_23)
FNF:24
FNH:24
FNDA:1,(anonymous_0)
FNDA:1,(anonymous_1)
FNDA:1,(anonymous_2)
FNDA:1,(anonymous_3)
FNDA:1,(anonymous_4)
FNDA:1,(anonymous_5)
FNDA:1,(anonymous_6)
FNDA:1,(anonymous_7)
FNDA:1,(anonymous_8)
FNDA:1,(anonymous_9)
FNDA:1,(anonymous_10)
FNDA:1,(anonymous_11)
FNDA:1,(anonymous_12)
FNDA:1,(anonymous_13)
FNDA:1,(anonymous_14)
FNDA:1,(anonymous_15)
FNDA:1,(anonymous_16)
FNDA:1,(anonymous_17)
FNDA:1,(anonymous_18)
FNDA:1,(anonymous_19)
FNDA:1,(anonymous_20)
FNDA:2,(anonymous_21)
FNDA:1,(anonymous_22)
FNDA:1,(anonymous_23)
DA:5,1
DA:9,1
DA:10,1
DA:11,1
DA:14,1
DA:15,1
DA:18,1
DA:21,1
DA:22,1
DA:23,1
DA:26,1
DA:27,1
DA:30,1
DA:33,1
DA:34,1
DA:35,1
DA:38,1
DA:39,1
DA:42,1
DA:45,1
DA:46,1
DA:47,1
DA:50,1
DA:51,1
DA:54,1
DA:57,1
DA:58,1
DA:59,1
DA:62,1
DA:63,1
DA:66,1
DA:69,1
DA:70,1
DA:71,1
DA:73,1
DA:74,1
DA:77,1
DA:80,1
DA:81,1
DA:82,1
DA:85,1
DA:86,1
DA:89,1
DA:92,1
DA:93,1
DA:94,1
DA:95,1
DA:97,1
DA:98,1
DA:101,1
DA:104,1
DA:105,1
DA:106,1
DA:107,1
DA:109,1
DA:110,1
DA:113,1
DA:116,1
DA:117,1
DA:118,1
DA:120,1
DA:121,1
DA:124,1
DA:131,1
DA:132,1
DA:133,1
DA:135,1
DA:137,1
DA:138,1
DA:141,1
DA:142,1
DA:143,1
DA:144,1
DA:147,1
DA:149,1
DA:150,1
DA:152,1
DA:153,1
DA:155,1
DA:156,1
DA:159,1
DA:160,1
DA:161,1
DA:162,1
DA:163,1
DA:166,1
DA:168,1
DA:169,1
DA:171,1
DA:172,1
DA:176,1
DA:177,1
DA:180,1
DA:181,1
DA:182,1
DA:183,2
DA:184,2
DA:187,1
DA:189,1
DA:190,1
DA:192,1
DA:193,1
LF:102
LH:102
BRDA:143,0,0,1
BRDA:143,0,1,0
BRDA:162,1,0,1
BRDA:162,1,1,0
BRDA:183,2,0,2
BRDA:183,2,1,0
BRF:6
BRH:3
end_of_record
